Timestamp: 2025-01-27 01:15:00
File: C:/Users/victus/Documents/CONCOURS-ENPSY (2).pdf
Expected Hash: wxcwxc
Computed Hash: 28f18f4ac692497a6079b24dc03266073b98ebadfc4d240a5663254330ffe895
Verification Result: Failed
##################################################
Timestamp: 2025-01-27 01:42:47
File: C:/Users/victus/Documents/_Getintopc.com_Proxy.Switcher.PRO.6.4.0.7666.rar
Expected Hash: Result: 4b14291d34ae5ebc7b09c3cce78addd8
Computed Hash: eff11645b82a9c72995773465680d0597416586366df214c5c2511ccd17c909c
Verification Result: Failed
##################################################
Timestamp: 2025-01-27 01:43:03
File: C:/Users/victus/Documents/(2019) Princeton Review - Cracking the TOEFL IBT with Audio CD, 2019 Edition_ The Strategies, Practice, and Review You Need to Score Higher-Princeton Review (2019).zip
Expected Hash: Result: 4b14291d34ae5ebc7b09c3cce78addd8
Computed Hash: 2483d1969737dacbb5d91937ef8d30f05e070429342a6977700cb2c8a44b7189
Verification Result: Failed
##################################################
Timestamp: 2025-01-27 01:43:12
File: C:/Users/victus/Documents/_Getintopc.com_Proxy.Switcher.PRO.6.4.0.7666.rar
Expected Hash: Result: 4b14291d34ae5ebc7b09c3cce78addd8
Computed Hash: eff11645b82a9c72995773465680d0597416586366df214c5c2511ccd17c909c
Verification Result: Failed
##################################################
Timestamp: 2025-01-27 02:31:39
File: C:/Users/victus/Documents/_Getintopc.com_Proxy.Switcher.PRO.6.4.0.7666.rar
Expected Hash: Result: 4b14291d34ae5ebc7b09c3cce78addd8
Computed Hash: da39a3ee5e6b4b0d3255bfef95601890afd80709
Verification Result: Failed
##################################################
Timestamp: 2025-01-27 02:31:50
File: C:/Users/victus/Documents/KMSAutoLite.ini
Expected Hash: Result: 4b14291d34ae5ebc7b09c3cce78addd8
Computed Hash: da39a3ee5e6b4b0d3255bfef95601890afd80709
Verification Result: Failed
##################################################
